2024-08-30T09:32:08.617+09:00  INFO 36304 --- [chatbot] [restartedMain] c.bluecode.chatbot.ChatbotApplication    : Starting ChatbotApplication using Java 17.0.9 with PID 36304 (C:\Users\ewoo2\OneDrive\문서\GitHub\공개SW프로젝트-Win\2024-1-CECD1-BlueCode-3\Backend\build\classes\java\main started by ewoo2 in C:\Users\ewoo2\OneDrive\문서\GitHub\공개SW프로젝트-Win\2024-1-CECD1-BlueCode-3\Backend)
2024-08-30T09:32:08.624+09:00  INFO 36304 --- [chatbot] [restartedMain] c.bluecode.chatbot.ChatbotApplication    : No active profile set, falling back to 1 default profile: "default"
2024-08-30T09:32:08.683+09:00  INFO 36304 --- [chatbot] [restartedMain] .e.DevToolsPropertyDefaultsPostProcessor : Devtools property defaults active! Set 'spring.devtools.add-properties' to 'false' to disable
2024-08-30T09:32:08.684+09:00  INFO 36304 --- [chatbot] [restartedMain] .e.DevToolsPropertyDefaultsPostProcessor : For additional web related logging consider setting the 'logging.level.web' property to 'DEBUG'
2024-08-30T09:32:09.379+09:00  INFO 36304 --- [chatbot] [restartedMain] .s.d.r.c.RepositoryConfigurationDelegate : Multiple Spring Data modules found, entering strict repository configuration mode
2024-08-30T09:32:09.380+09:00  INFO 36304 --- [chatbot] [restartedMain] .s.d.r.c.RepositoryConfigurationDelegate : Bootstrapping Spring Data Redis repositories in DEFAULT mode.
2024-08-30T09:32:09.405+09:00  INFO 36304 --- [chatbot] [restartedMain] .s.d.r.c.RepositoryConfigurationDelegate : Finished Spring Data repository scanning in 6 ms. Found 0 Redis repository interfaces.
2024-08-30T09:32:09.609+09:00  INFO 36304 --- [chatbot] [restartedMain] .s.d.r.c.RepositoryConfigurationDelegate : Multiple Spring Data modules found, entering strict repository configuration mode
2024-08-30T09:32:09.610+09:00  INFO 36304 --- [chatbot] [restartedMain] .s.d.r.c.RepositoryConfigurationDelegate : Bootstrapping Spring Data JPA repositories in DEFAULT mode.
2024-08-30T09:32:09.811+09:00  INFO 36304 --- [chatbot] [restartedMain] .s.d.r.c.RepositoryConfigurationDelegate : Finished Spring Data repository scanning in 197 ms. Found 10 JPA repository interfaces.
2024-08-30T09:32:09.822+09:00  INFO 36304 --- [chatbot] [restartedMain] .s.d.r.c.RepositoryConfigurationDelegate : Multiple Spring Data modules found, entering strict repository configuration mode
2024-08-30T09:32:09.822+09:00  INFO 36304 --- [chatbot] [restartedMain] .s.d.r.c.RepositoryConfigurationDelegate : Bootstrapping Spring Data Redis repositories in DEFAULT mode.
2024-08-30T09:32:09.835+09:00  INFO 36304 --- [chatbot] [restartedMain] .RepositoryConfigurationExtensionSupport : Spring Data Redis - Could not safely identify store assignment for repository candidate interface com.bluecode.chatbot.repository.ChatRepository; If you want this repository to be a Redis repository, consider annotating your entities with one of these annotations: org.springframework.data.redis.core.RedisHash (preferred), or consider extending one of the following types with your repository: org.springframework.data.keyvalue.repository.KeyValueRepository
2024-08-30T09:32:09.835+09:00  INFO 36304 --- [chatbot] [restartedMain] .RepositoryConfigurationExtensionSupport : Spring Data Redis - Could not safely identify store assignment for repository candidate interface com.bluecode.chatbot.repository.CurriculumRepository; If you want this repository to be a Redis repository, consider annotating your entities with one of these annotations: org.springframework.data.redis.core.RedisHash (preferred), or consider extending one of the following types with your repository: org.springframework.data.keyvalue.repository.KeyValueRepository
2024-08-30T09:32:09.835+09:00  INFO 36304 --- [chatbot] [restartedMain] .RepositoryConfigurationExtensionSupport : Spring Data Redis - Could not safely identify store assignment for repository candidate interface com.bluecode.chatbot.repository.MissionRepository; If you want this repository to be a Redis repository, consider annotating your entities with one of these annotations: org.springframework.data.redis.core.RedisHash (preferred), or consider extending one of the following types with your repository: org.springframework.data.keyvalue.repository.KeyValueRepository
2024-08-30T09:32:09.836+09:00  INFO 36304 --- [chatbot] [restartedMain] .RepositoryConfigurationExtensionSupport : Spring Data Redis - Could not safely identify store assignment for repository candidate interface com.bluecode.chatbot.repository.QuizCaseRepository; If you want this repository to be a Redis repository, consider annotating your entities with one of these annotations: org.springframework.data.redis.core.RedisHash (preferred), or consider extending one of the following types with your repository: org.springframework.data.keyvalue.repository.KeyValueRepository
2024-08-30T09:32:09.836+09:00  INFO 36304 --- [chatbot] [restartedMain] .RepositoryConfigurationExtensionSupport : Spring Data Redis - Could not safely identify store assignment for repository candidate interface com.bluecode.chatbot.repository.QuizRepository; If you want this repository to be a Redis repository, consider annotating your entities with one of these annotations: org.springframework.data.redis.core.RedisHash (preferred), or consider extending one of the following types with your repository: org.springframework.data.keyvalue.repository.KeyValueRepository
2024-08-30T09:32:09.836+09:00  INFO 36304 --- [chatbot] [restartedMain] .RepositoryConfigurationExtensionSupport : Spring Data Redis - Could not safely identify store assignment for repository candidate interface com.bluecode.chatbot.repository.RefreshTokenRepository; If you want this repository to be a Redis repository, consider annotating your entities with one of these annotations: org.springframework.data.redis.core.RedisHash (preferred), or consider extending one of the following types with your repository: org.springframework.data.keyvalue.repository.KeyValueRepository
2024-08-30T09:32:09.837+09:00  INFO 36304 --- [chatbot] [restartedMain] .RepositoryConfigurationExtensionSupport : Spring Data Redis - Could not safely identify store assignment for repository candidate interface com.bluecode.chatbot.repository.StudyRepository; If you want this repository to be a Redis repository, consider annotating your entities with one of these annotations: org.springframework.data.redis.core.RedisHash (preferred), or consider extending one of the following types with your repository: org.springframework.data.keyvalue.repository.KeyValueRepository
2024-08-30T09:32:09.837+09:00  INFO 36304 --- [chatbot] [restartedMain] .RepositoryConfigurationExtensionSupport : Spring Data Redis - Could not safely identify store assignment for repository candidate interface com.bluecode.chatbot.repository.TestRepository; If you want this repository to be a Redis repository, consider annotating your entities with one of these annotations: org.springframework.data.redis.core.RedisHash (preferred), or consider extending one of the following types with your repository: org.springframework.data.keyvalue.repository.KeyValueRepository
2024-08-30T09:32:09.837+09:00  INFO 36304 --- [chatbot] [restartedMain] .RepositoryConfigurationExtensionSupport : Spring Data Redis - Could not safely identify store assignment for repository candidate interface com.bluecode.chatbot.repository.UserMissionRepository; If you want this repository to be a Redis repository, consider annotating your entities with one of these annotations: org.springframework.data.redis.core.RedisHash (preferred), or consider extending one of the following types with your repository: org.springframework.data.keyvalue.repository.KeyValueRepository
2024-08-30T09:32:09.837+09:00  INFO 36304 --- [chatbot] [restartedMain] .RepositoryConfigurationExtensionSupport : Spring Data Redis - Could not safely identify store assignment for repository candidate interface com.bluecode.chatbot.repository.UserRepository; If you want this repository to be a Redis repository, consider annotating your entities with one of these annotations: org.springframework.data.redis.core.RedisHash (preferred), or consider extending one of the following types with your repository: org.springframework.data.keyvalue.repository.KeyValueRepository
2024-08-30T09:32:09.837+09:00  INFO 36304 --- [chatbot] [restartedMain] .s.d.r.c.RepositoryConfigurationDelegate : Finished Spring Data repository scanning in 15 ms. Found 0 Redis repository interfaces.
2024-08-30T09:32:10.467+09:00  INFO 36304 --- [chatbot] [restartedMain] o.s.b.w.embedded.tomcat.TomcatWebServer  : Tomcat initialized with port 8080 (http)
2024-08-30T09:32:10.478+09:00  INFO 36304 --- [chatbot] [restartedMain] o.apache.catalina.core.StandardService   : Starting service [Tomcat]
2024-08-30T09:32:10.478+09:00  INFO 36304 --- [chatbot] [restartedMain] o.apache.catalina.core.StandardEngine    : Starting Servlet engine: [Apache Tomcat/10.1.20]
2024-08-30T09:32:10.541+09:00  INFO 36304 --- [chatbot] [restartedMain] o.a.c.c.C.[Tomcat].[localhost].[/]       : Initializing Spring embedded WebApplicationContext
2024-08-30T09:32:10.542+09:00  INFO 36304 --- [chatbot] [restartedMain] w.s.c.ServletWebServerApplicationContext : Root WebApplicationContext: initialization completed in 1857 ms
2024-08-30T09:32:10.568+09:00  INFO 36304 --- [chatbot] [restartedMain] com.zaxxer.hikari.HikariDataSource       : HikariPool-1 - Starting...
2024-08-30T09:32:10.874+09:00  INFO 36304 --- [chatbot] [restartedMain] com.zaxxer.hikari.pool.HikariPool        : HikariPool-1 - Added connection com.mysql.cj.jdbc.ConnectionImpl@5c422275
2024-08-30T09:32:10.878+09:00  INFO 36304 --- [chatbot] [restartedMain] com.zaxxer.hikari.HikariDataSource       : HikariPool-1 - Start completed.
2024-08-30T09:32:10.885+09:00  INFO 36304 --- [chatbot] [restartedMain] o.s.b.a.h2.H2ConsoleAutoConfiguration    : H2 console available at '/h2-console'. Database available at 'jdbc:mysql://localhost:3306/bluecode?serverTimezone=Asia/Seoul'
2024-08-30T09:32:10.989+09:00  INFO 36304 --- [chatbot] [restartedMain] o.hibernate.jpa.internal.util.LogHelper  : HHH000204: Processing PersistenceUnitInfo [name: default]
2024-08-30T09:32:11.050+09:00  INFO 36304 --- [chatbot] [restartedMain] org.hibernate.Version                    : HHH000412: Hibernate ORM core version 6.4.4.Final
2024-08-30T09:32:11.086+09:00  INFO 36304 --- [chatbot] [restartedMain] o.h.c.internal.RegionFactoryInitiator    : HHH000026: Second-level cache disabled
2024-08-30T09:32:11.307+09:00  INFO 36304 --- [chatbot] [restartedMain] o.s.o.j.p.SpringPersistenceUnitInfo      : No LoadTimeWeaver setup: ignoring JPA class transformer
2024-08-30T09:32:11.377+09:00  WARN 36304 --- [chatbot] [restartedMain] org.hibernate.orm.deprecation            : HHH90000025: MySQLDialect does not need to be specified explicitly using 'hibernate.dialect' (remove the property setting and it will be selected by default)
2024-08-30T09:32:12.188+09:00  INFO 36304 --- [chatbot] [restartedMain] o.h.e.t.j.p.i.JtaPlatformInitiator       : HHH000489: No JTA platform available (set 'hibernate.transaction.jta.platform' to enable JTA platform integration)
2024-08-30T09:32:13.558+09:00  INFO 36304 --- [chatbot] [restartedMain] j.LocalContainerEntityManagerFactoryBean : Initialized JPA EntityManagerFactory for persistence unit 'default'
2024-08-30T09:32:13.826+09:00  INFO 36304 --- [chatbot] [restartedMain] o.s.d.j.r.query.QueryEnhancerFactory     : Hibernate is in classpath; If applicable, HQL parser will be used.
2024-08-30T09:32:14.489+09:00  INFO 36304 --- [chatbot] [restartedMain] c.b.chatbot.config.InitDb$InitService    : Users have been initialized
2024-08-30T09:32:14.705+09:00  INFO 36304 --- [chatbot] [restartedMain] c.b.chatbot.config.InitDb$InitService    : curriculums: 파이썬 환경
2024-08-30T09:32:14.705+09:00  INFO 36304 --- [chatbot] [restartedMain] c.b.chatbot.config.InitDb$InitService    : curriculums: 변수와 자료형
2024-08-30T09:32:14.705+09:00  INFO 36304 --- [chatbot] [restartedMain] c.b.chatbot.config.InitDb$InitService    : curriculums: 문자열 처리
2024-08-30T09:32:14.705+09:00  INFO 36304 --- [chatbot] [restartedMain] c.b.chatbot.config.InitDb$InitService    : curriculums: 조건문
2024-08-30T09:32:14.706+09:00  INFO 36304 --- [chatbot] [restartedMain] c.b.chatbot.config.InitDb$InitService    : curriculums: 반복문
2024-08-30T09:32:14.706+09:00  INFO 36304 --- [chatbot] [restartedMain] c.b.chatbot.config.InitDb$InitService    : curriculums: 함수
2024-08-30T09:32:14.706+09:00  INFO 36304 --- [chatbot] [restartedMain] c.b.chatbot.config.InitDb$InitService    : curriculums: 자료구조
2024-08-30T09:32:14.706+09:00  INFO 36304 --- [chatbot] [restartedMain] c.b.chatbot.config.InitDb$InitService    : curriculums: 파일 처리
2024-08-30T09:32:14.706+09:00  INFO 36304 --- [chatbot] [restartedMain] c.b.chatbot.config.InitDb$InitService    : curriculums: 예외 처리
2024-08-30T09:32:14.706+09:00  INFO 36304 --- [chatbot] [restartedMain] c.b.chatbot.config.InitDb$InitService    : curriculums: 클래스와 객체
2024-08-30T09:32:14.706+09:00  INFO 36304 --- [chatbot] [restartedMain] c.b.chatbot.config.InitDb$InitService    : curriculums: 모듈과 패키지
2024-08-30T09:32:14.706+09:00  INFO 36304 --- [chatbot] [restartedMain] c.b.chatbot.config.InitDb$InitService    : chap: 변수와 자료형
2024-08-30T09:32:14.706+09:00  INFO 36304 --- [chatbot] [restartedMain] c.b.chatbot.config.InitDb$InitService    : chap: 문자열 처리
2024-08-30T09:32:14.706+09:00  INFO 36304 --- [chatbot] [restartedMain] c.b.chatbot.config.InitDb$InitService    : chap: 조건문
2024-08-30T09:32:15.995+09:00  WARN 36304 --- [chatbot] [restartedMain] JpaBaseConfiguration$JpaWebConfiguration : spring.jpa.open-in-view is enabled by default. Therefore, database queries may be performed during view rendering. Explicitly configure spring.jpa.open-in-view to disable this warning
2024-08-30T09:32:16.121+09:00 DEBUG 36304 --- [chatbot] [restartedMain] s.w.s.m.m.a.RequestMappingHandlerMapping : 43 mappings in 'requestMappingHandlerMapping'
2024-08-30T09:32:16.200+09:00 DEBUG 36304 --- [chatbot] [restartedMain] o.s.w.s.handler.SimpleUrlHandlerMapping  : Patterns [/webjars/**, /**] in 'resourceHandlerMapping'
2024-08-30T09:32:16.229+09:00  INFO 36304 --- [chatbot] [restartedMain] o.s.s.web.DefaultSecurityFilterChain     : Will secure any request with [org.springframework.security.web.session.DisableEncodeUrlFilter@6954b995, org.springframework.security.web.context.request.async.WebAsyncManagerIntegrationFilter@5f62c46b, org.springframework.security.web.context.SecurityContextHolderFilter@3c8d1825, org.springframework.security.web.header.HeaderWriterFilter@41e25436, org.springframework.web.filter.CorsFilter@37d160ae, org.springframework.security.web.authentication.logout.LogoutFilter@13fb9b19, org.springframework.security.web.savedrequest.RequestCacheAwareFilter@6810fb82, org.springframework.security.web.servletapi.SecurityContextHolderAwareRequestFilter@79635458, org.springframework.security.web.authentication.AnonymousAuthenticationFilter@36f8b238, org.springframework.security.web.access.ExceptionTranslationFilter@22385acc, org.springframework.security.web.access.intercept.AuthorizationFilter@1c8550a4]
2024-08-30T09:32:16.279+09:00 DEBUG 36304 --- [chatbot] [restartedMain] s.w.s.m.m.a.RequestMappingHandlerAdapter : ControllerAdvice beans: 0 @ModelAttribute, 0 @InitBinder, 2 RequestBodyAdvice, 1 ResponseBodyAdvice
2024-08-30T09:32:16.307+09:00 DEBUG 36304 --- [chatbot] [restartedMain] .m.m.a.ExceptionHandlerExceptionResolver : ControllerAdvice beans: 1 @ExceptionHandler, 1 ResponseBodyAdvice
2024-08-30T09:32:16.437+09:00  INFO 36304 --- [chatbot] [restartedMain] o.s.b.d.a.OptionalLiveReloadServer       : LiveReload server is running on port 35729
2024-08-30T09:32:16.474+09:00  INFO 36304 --- [chatbot] [restartedMain] o.s.b.w.embedded.tomcat.TomcatWebServer  : Tomcat started on port 8080 (http) with context path ''
2024-08-30T09:32:16.484+09:00  INFO 36304 --- [chatbot] [restartedMain] c.bluecode.chatbot.ChatbotApplication    : Started ChatbotApplication in 8.247 seconds (process running for 8.993)
2024-08-30T09:32:16.488+09:00  INFO 36304 --- [chatbot] [restartedMain] com.bluecode.chatbot.ApiKeyLogger        : Current API Key: sk-************************************************
2024-08-30T09:33:43.548+09:00  INFO 36304 --- [chatbot] [File Watcher] rtingClassPathChangeChangedEventListener : Restarting due to 3 class path changes (0 additions, 3 deletions, 0 modifications)
2024-08-30T09:33:43.709+09:00  INFO 36304 --- [chatbot] [Thread-6] j.LocalContainerEntityManagerFactoryBean : Closing JPA EntityManagerFactory for persistence unit 'default'
2024-08-30T09:33:43.712+09:00  INFO 36304 --- [chatbot] [Thread-6] com.zaxxer.hikari.HikariDataSource       : HikariPool-1 - Shutdown initiated...
2024-08-30T09:33:43.721+09:00  INFO 36304 --- [chatbot] [Thread-6] com.zaxxer.hikari.HikariDataSource       : HikariPool-1 - Shutdown completed.
2024-08-30T09:33:43.834+09:00  INFO 36304 --- [chatbot] [restartedMain] c.bluecode.chatbot.ChatbotApplication    : Starting ChatbotApplication using Java 17.0.9 with PID 36304 (C:\Users\ewoo2\OneDrive\문서\GitHub\공개SW프로젝트-Win\2024-1-CECD1-BlueCode-3\Backend\build\classes\java\main started by ewoo2 in C:\Users\ewoo2\OneDrive\문서\GitHub\공개SW프로젝트-Win\2024-1-CECD1-BlueCode-3\Backend)
2024-08-30T09:33:43.834+09:00  INFO 36304 --- [chatbot] [restartedMain] c.bluecode.chatbot.ChatbotApplication    : No active profile set, falling back to 1 default profile: "default"
2024-08-30T09:33:44.257+09:00  INFO 36304 --- [chatbot] [restartedMain] .s.d.r.c.RepositoryConfigurationDelegate : Multiple Spring Data modules found, entering strict repository configuration mode
2024-08-30T09:33:44.257+09:00  INFO 36304 --- [chatbot] [restartedMain] .s.d.r.c.RepositoryConfigurationDelegate : Bootstrapping Spring Data Redis repositories in DEFAULT mode.
2024-08-30T09:33:44.261+09:00  INFO 36304 --- [chatbot] [restartedMain] .s.d.r.c.RepositoryConfigurationDelegate : Finished Spring Data repository scanning in 3 ms. Found 0 Redis repository interfaces.
2024-08-30T09:33:44.335+09:00  INFO 36304 --- [chatbot] [restartedMain] .s.d.r.c.RepositoryConfigurationDelegate : Multiple Spring Data modules found, entering strict repository configuration mode
2024-08-30T09:33:44.335+09:00  INFO 36304 --- [chatbot] [restartedMain] .s.d.r.c.RepositoryConfigurationDelegate : Bootstrapping Spring Data JPA repositories in DEFAULT mode.
2024-08-30T09:33:44.390+09:00  INFO 36304 --- [chatbot] [restartedMain] .s.d.r.c.RepositoryConfigurationDelegate : Finished Spring Data repository scanning in 55 ms. Found 10 JPA repository interfaces.
2024-08-30T09:33:44.393+09:00  INFO 36304 --- [chatbot] [restartedMain] .s.d.r.c.RepositoryConfigurationDelegate : Multiple Spring Data modules found, entering strict repository configuration mode
2024-08-30T09:33:44.394+09:00  INFO 36304 --- [chatbot] [restartedMain] .s.d.r.c.RepositoryConfigurationDelegate : Bootstrapping Spring Data Redis repositories in DEFAULT mode.
2024-08-30T09:33:44.399+09:00  INFO 36304 --- [chatbot] [restartedMain] .RepositoryConfigurationExtensionSupport : Spring Data Redis - Could not safely identify store assignment for repository candidate interface com.bluecode.chatbot.repository.ChatRepository; If you want this repository to be a Redis repository, consider annotating your entities with one of these annotations: org.springframework.data.redis.core.RedisHash (preferred), or consider extending one of the following types with your repository: org.springframework.data.keyvalue.repository.KeyValueRepository
2024-08-30T09:33:44.399+09:00  INFO 36304 --- [chatbot] [restartedMain] .RepositoryConfigurationExtensionSupport : Spring Data Redis - Could not safely identify store assignment for repository candidate interface com.bluecode.chatbot.repository.CurriculumRepository; If you want this repository to be a Redis repository, consider annotating your entities with one of these annotations: org.springframework.data.redis.core.RedisHash (preferred), or consider extending one of the following types with your repository: org.springframework.data.keyvalue.repository.KeyValueRepository
2024-08-30T09:33:44.400+09:00  INFO 36304 --- [chatbot] [restartedMain] .RepositoryConfigurationExtensionSupport : Spring Data Redis - Could not safely identify store assignment for repository candidate interface com.bluecode.chatbot.repository.MissionRepository; If you want this repository to be a Redis repository, consider annotating your entities with one of these annotations: org.springframework.data.redis.core.RedisHash (preferred), or consider extending one of the following types with your repository: org.springframework.data.keyvalue.repository.KeyValueRepository
2024-08-30T09:33:44.400+09:00  INFO 36304 --- [chatbot] [restartedMain] .RepositoryConfigurationExtensionSupport : Spring Data Redis - Could not safely identify store assignment for repository candidate interface com.bluecode.chatbot.repository.QuizCaseRepository; If you want this repository to be a Redis repository, consider annotating your entities with one of these annotations: org.springframework.data.redis.core.RedisHash (preferred), or consider extending one of the following types with your repository: org.springframework.data.keyvalue.repository.KeyValueRepository
2024-08-30T09:33:44.400+09:00  INFO 36304 --- [chatbot] [restartedMain] .RepositoryConfigurationExtensionSupport : Spring Data Redis - Could not safely identify store assignment for repository candidate interface com.bluecode.chatbot.repository.QuizRepository; If you want this repository to be a Redis repository, consider annotating your entities with one of these annotations: org.springframework.data.redis.core.RedisHash (preferred), or consider extending one of the following types with your repository: org.springframework.data.keyvalue.repository.KeyValueRepository
2024-08-30T09:33:44.400+09:00  INFO 36304 --- [chatbot] [restartedMain] .RepositoryConfigurationExtensionSupport : Spring Data Redis - Could not safely identify store assignment for repository candidate interface com.bluecode.chatbot.repository.RefreshTokenRepository; If you want this repository to be a Redis repository, consider annotating your entities with one of these annotations: org.springframework.data.redis.core.RedisHash (preferred), or consider extending one of the following types with your repository: org.springframework.data.keyvalue.repository.KeyValueRepository
2024-08-30T09:33:44.400+09:00  INFO 36304 --- [chatbot] [restartedMain] .RepositoryConfigurationExtensionSupport : Spring Data Redis - Could not safely identify store assignment for repository candidate interface com.bluecode.chatbot.repository.StudyRepository; If you want this repository to be a Redis repository, consider annotating your entities with one of these annotations: org.springframework.data.redis.core.RedisHash (preferred), or consider extending one of the following types with your repository: org.springframework.data.keyvalue.repository.KeyValueRepository
2024-08-30T09:33:44.400+09:00  INFO 36304 --- [chatbot] [restartedMain] .RepositoryConfigurationExtensionSupport : Spring Data Redis - Could not safely identify store assignment for repository candidate interface com.bluecode.chatbot.repository.TestRepository; If you want this repository to be a Redis repository, consider annotating your entities with one of these annotations: org.springframework.data.redis.core.RedisHash (preferred), or consider extending one of the following types with your repository: org.springframework.data.keyvalue.repository.KeyValueRepository
2024-08-30T09:33:44.400+09:00  INFO 36304 --- [chatbot] [restartedMain] .RepositoryConfigurationExtensionSupport : Spring Data Redis - Could not safely identify store assignment for repository candidate interface com.bluecode.chatbot.repository.UserMissionRepository; If you want this repository to be a Redis repository, consider annotating your entities with one of these annotations: org.springframework.data.redis.core.RedisHash (preferred), or consider extending one of the following types with your repository: org.springframework.data.keyvalue.repository.KeyValueRepository
2024-08-30T09:33:44.401+09:00  INFO 36304 --- [chatbot] [restartedMain] .RepositoryConfigurationExtensionSupport : Spring Data Redis - Could not safely identify store assignment for repository candidate interface com.bluecode.chatbot.repository.UserRepository; If you want this repository to be a Redis repository, consider annotating your entities with one of these annotations: org.springframework.data.redis.core.RedisHash (preferred), or consider extending one of the following types with your repository: org.springframework.data.keyvalue.repository.KeyValueRepository
2024-08-30T09:33:44.401+09:00  INFO 36304 --- [chatbot] [restartedMain] .s.d.r.c.RepositoryConfigurationDelegate : Finished Spring Data repository scanning in 6 ms. Found 0 Redis repository interfaces.
2024-08-30T09:33:44.598+09:00  INFO 36304 --- [chatbot] [restartedMain] o.s.b.w.embedded.tomcat.TomcatWebServer  : Tomcat initialized with port 8080 (http)
2024-08-30T09:33:44.599+09:00  INFO 36304 --- [chatbot] [restartedMain] o.apache.catalina.core.StandardService   : Starting service [Tomcat]
2024-08-30T09:33:44.599+09:00  INFO 36304 --- [chatbot] [restartedMain] o.apache.catalina.core.StandardEngine    : Starting Servlet engine: [Apache Tomcat/10.1.20]
2024-08-30T09:33:44.632+09:00  INFO 36304 --- [chatbot] [restartedMain] o.a.c.c.C.[Tomcat].[localhost].[/]       : Initializing Spring embedded WebApplicationContext
2024-08-30T09:33:44.632+09:00  INFO 36304 --- [chatbot] [restartedMain] w.s.c.ServletWebServerApplicationContext : Root WebApplicationContext: initialization completed in 794 ms
2024-08-30T09:33:44.642+09:00  INFO 36304 --- [chatbot] [restartedMain] com.zaxxer.hikari.HikariDataSource       : HikariPool-2 - Starting...
2024-08-30T09:33:44.657+09:00  INFO 36304 --- [chatbot] [restartedMain] com.zaxxer.hikari.pool.HikariPool        : HikariPool-2 - Added connection com.mysql.cj.jdbc.ConnectionImpl@3fddaf2
2024-08-30T09:33:44.657+09:00  INFO 36304 --- [chatbot] [restartedMain] com.zaxxer.hikari.HikariDataSource       : HikariPool-2 - Start completed.
2024-08-30T09:33:44.657+09:00  INFO 36304 --- [chatbot] [restartedMain] o.s.b.a.h2.H2ConsoleAutoConfiguration    : H2 console available at '/h2-console'. Database available at 'jdbc:mysql://localhost:3306/bluecode?serverTimezone=Asia/Seoul'
2024-08-30T09:33:44.683+09:00  INFO 36304 --- [chatbot] [restartedMain] o.hibernate.jpa.internal.util.LogHelper  : HHH000204: Processing PersistenceUnitInfo [name: default]
2024-08-30T09:33:44.687+09:00  INFO 36304 --- [chatbot] [restartedMain] o.h.c.internal.RegionFactoryInitiator    : HHH000026: Second-level cache disabled
2024-08-30T09:33:44.696+09:00  INFO 36304 --- [chatbot] [restartedMain] o.s.o.j.p.SpringPersistenceUnitInfo      : No LoadTimeWeaver setup: ignoring JPA class transformer
2024-08-30T09:33:44.699+09:00  WARN 36304 --- [chatbot] [restartedMain] org.hibernate.orm.deprecation            : HHH90000025: MySQLDialect does not need to be specified explicitly using 'hibernate.dialect' (remove the property setting and it will be selected by default)
2024-08-30T09:33:44.870+09:00  INFO 36304 --- [chatbot] [restartedMain] o.h.e.t.j.p.i.JtaPlatformInitiator       : HHH000489: No JTA platform available (set 'hibernate.transaction.jta.platform' to enable JTA platform integration)
2024-08-30T09:33:46.018+09:00  INFO 36304 --- [chatbot] [restartedMain] j.LocalContainerEntityManagerFactoryBean : Initialized JPA EntityManagerFactory for persistence unit 'default'
2024-08-30T09:33:46.235+09:00  INFO 36304 --- [chatbot] [restartedMain] c.b.chatbot.config.InitDb$InitService    : Users have been initialized
2024-08-30T09:33:46.286+09:00  INFO 36304 --- [chatbot] [restartedMain] c.b.chatbot.config.InitDb$InitService    : curriculums: 파이썬 환경
2024-08-30T09:33:46.286+09:00  INFO 36304 --- [chatbot] [restartedMain] c.b.chatbot.config.InitDb$InitService    : curriculums: 변수와 자료형
2024-08-30T09:33:46.286+09:00  INFO 36304 --- [chatbot] [restartedMain] c.b.chatbot.config.InitDb$InitService    : curriculums: 문자열 처리
2024-08-30T09:33:46.286+09:00  INFO 36304 --- [chatbot] [restartedMain] c.b.chatbot.config.InitDb$InitService    : curriculums: 조건문
2024-08-30T09:33:46.286+09:00  INFO 36304 --- [chatbot] [restartedMain] c.b.chatbot.config.InitDb$InitService    : curriculums: 반복문
2024-08-30T09:33:46.286+09:00  INFO 36304 --- [chatbot] [restartedMain] c.b.chatbot.config.InitDb$InitService    : curriculums: 함수
2024-08-30T09:33:46.286+09:00  INFO 36304 --- [chatbot] [restartedMain] c.b.chatbot.config.InitDb$InitService    : curriculums: 자료구조
2024-08-30T09:33:46.286+09:00  INFO 36304 --- [chatbot] [restartedMain] c.b.chatbot.config.InitDb$InitService    : curriculums: 파일 처리
2024-08-30T09:33:46.286+09:00  INFO 36304 --- [chatbot] [restartedMain] c.b.chatbot.config.InitDb$InitService    : curriculums: 예외 처리
2024-08-30T09:33:46.286+09:00  INFO 36304 --- [chatbot] [restartedMain] c.b.chatbot.config.InitDb$InitService    : curriculums: 클래스와 객체
2024-08-30T09:33:46.286+09:00  INFO 36304 --- [chatbot] [restartedMain] c.b.chatbot.config.InitDb$InitService    : curriculums: 모듈과 패키지
2024-08-30T09:33:46.286+09:00  INFO 36304 --- [chatbot] [restartedMain] c.b.chatbot.config.InitDb$InitService    : chap: 변수와 자료형
2024-08-30T09:33:46.286+09:00  INFO 36304 --- [chatbot] [restartedMain] c.b.chatbot.config.InitDb$InitService    : chap: 문자열 처리
2024-08-30T09:33:46.286+09:00  INFO 36304 --- [chatbot] [restartedMain] c.b.chatbot.config.InitDb$InitService    : chap: 조건문
2024-08-30T09:33:46.972+09:00  WARN 36304 --- [chatbot] [restartedMain] JpaBaseConfiguration$JpaWebConfiguration : spring.jpa.open-in-view is enabled by default. Therefore, database queries may be performed during view rendering. Explicitly configure spring.jpa.open-in-view to disable this warning
2024-08-30T09:33:46.990+09:00 DEBUG 36304 --- [chatbot] [restartedMain] s.w.s.m.m.a.RequestMappingHandlerMapping : 37 mappings in 'requestMappingHandlerMapping'
2024-08-30T09:33:47.008+09:00 DEBUG 36304 --- [chatbot] [restartedMain] o.s.w.s.handler.SimpleUrlHandlerMapping  : Patterns [/webjars/**, /**] in 'resourceHandlerMapping'
2024-08-30T09:33:47.014+09:00  INFO 36304 --- [chatbot] [restartedMain] o.s.s.web.DefaultSecurityFilterChain     : Will secure any request with [org.springframework.security.web.session.DisableEncodeUrlFilter@236db2ab, org.springframework.security.web.context.request.async.WebAsyncManagerIntegrationFilter@7a032753, org.springframework.security.web.context.SecurityContextHolderFilter@7bbc228f, org.springframework.security.web.header.HeaderWriterFilter@75ceeb2e, org.springframework.web.filter.CorsFilter@6d4bc833, org.springframework.security.web.authentication.logout.LogoutFilter@4c42beb3, org.springframework.security.web.savedrequest.RequestCacheAwareFilter@4dc114a0, org.springframework.security.web.servletapi.SecurityContextHolderAwareRequestFilter@54655091, org.springframework.security.web.authentication.AnonymousAuthenticationFilter@7dd8695f, org.springframework.security.web.access.ExceptionTranslationFilter@6cfea869, org.springframework.security.web.access.intercept.AuthorizationFilter@77fceffa]
2024-08-30T09:33:47.030+09:00 DEBUG 36304 --- [chatbot] [restartedMain] s.w.s.m.m.a.RequestMappingHandlerAdapter : ControllerAdvice beans: 0 @ModelAttribute, 0 @InitBinder, 2 RequestBodyAdvice, 1 ResponseBodyAdvice
2024-08-30T09:33:47.032+09:00 DEBUG 36304 --- [chatbot] [restartedMain] .m.m.a.ExceptionHandlerExceptionResolver : ControllerAdvice beans: 1 @ExceptionHandler, 1 ResponseBodyAdvice
2024-08-30T09:33:47.071+09:00  INFO 36304 --- [chatbot] [restartedMain] o.s.b.d.a.OptionalLiveReloadServer       : LiveReload server is running on port 35729
2024-08-30T09:33:47.090+09:00  INFO 36304 --- [chatbot] [restartedMain] o.s.b.w.embedded.tomcat.TomcatWebServer  : Tomcat started on port 8080 (http) with context path ''
2024-08-30T09:33:47.096+09:00  INFO 36304 --- [chatbot] [restartedMain] c.bluecode.chatbot.ChatbotApplication    : Started ChatbotApplication in 3.302 seconds (process running for 99.606)
2024-08-30T09:33:47.098+09:00  INFO 36304 --- [chatbot] [restartedMain] com.bluecode.chatbot.ApiKeyLogger        : Current API Key: sk-************************************************
2024-08-30T09:33:47.099+09:00  INFO 36304 --- [chatbot] [restartedMain] .ConditionEvaluationDeltaLoggingListener : Condition evaluation unchanged
2024-08-30T09:33:48.548+09:00  INFO 36304 --- [chatbot] [File Watcher] rtingClassPathChangeChangedEventListener : Restarting due to 3 class path changes (3 additions, 0 deletions, 0 modifications)
2024-08-30T09:33:48.673+09:00  INFO 36304 --- [chatbot] [Thread-8] j.LocalContainerEntityManagerFactoryBean : Closing JPA EntityManagerFactory for persistence unit 'default'
2024-08-30T09:33:48.673+09:00  INFO 36304 --- [chatbot] [Thread-8] com.zaxxer.hikari.HikariDataSource       : HikariPool-2 - Shutdown initiated...
2024-08-30T09:33:48.677+09:00  INFO 36304 --- [chatbot] [Thread-8] com.zaxxer.hikari.HikariDataSource       : HikariPool-2 - Shutdown completed.
2024-08-30T09:33:48.742+09:00  INFO 36304 --- [chatbot] [restartedMain] c.bluecode.chatbot.ChatbotApplication    : Starting ChatbotApplication using Java 17.0.9 with PID 36304 (C:\Users\ewoo2\OneDrive\문서\GitHub\공개SW프로젝트-Win\2024-1-CECD1-BlueCode-3\Backend\build\classes\java\main started by ewoo2 in C:\Users\ewoo2\OneDrive\문서\GitHub\공개SW프로젝트-Win\2024-1-CECD1-BlueCode-3\Backend)
2024-08-30T09:33:48.742+09:00  INFO 36304 --- [chatbot] [restartedMain] c.bluecode.chatbot.ChatbotApplication    : No active profile set, falling back to 1 default profile: "default"
2024-08-30T09:33:48.954+09:00  INFO 36304 --- [chatbot] [restartedMain] .s.d.r.c.RepositoryConfigurationDelegate : Multiple Spring Data modules found, entering strict repository configuration mode
2024-08-30T09:33:48.955+09:00  INFO 36304 --- [chatbot] [restartedMain] .s.d.r.c.RepositoryConfigurationDelegate : Bootstrapping Spring Data Redis repositories in DEFAULT mode.
2024-08-30T09:33:48.956+09:00  INFO 36304 --- [chatbot] [restartedMain] .s.d.r.c.RepositoryConfigurationDelegate : Finished Spring Data repository scanning in 1 ms. Found 0 Redis repository interfaces.
2024-08-30T09:33:48.984+09:00  INFO 36304 --- [chatbot] [restartedMain] .s.d.r.c.RepositoryConfigurationDelegate : Multiple Spring Data modules found, entering strict repository configuration mode
2024-08-30T09:33:48.985+09:00  INFO 36304 --- [chatbot] [restartedMain] .s.d.r.c.RepositoryConfigurationDelegate : Bootstrapping Spring Data JPA repositories in DEFAULT mode.
2024-08-30T09:33:49.023+09:00  INFO 36304 --- [chatbot] [restartedMain] .s.d.r.c.RepositoryConfigurationDelegate : Finished Spring Data repository scanning in 37 ms. Found 10 JPA repository interfaces.
2024-08-30T09:33:49.026+09:00  INFO 36304 --- [chatbot] [restartedMain] .s.d.r.c.RepositoryConfigurationDelegate : Multiple Spring Data modules found, entering strict repository configuration mode
2024-08-30T09:33:49.026+09:00  INFO 36304 --- [chatbot] [restartedMain] .s.d.r.c.RepositoryConfigurationDelegate : Bootstrapping Spring Data Redis repositories in DEFAULT mode.
2024-08-30T09:33:49.030+09:00  INFO 36304 --- [chatbot] [restartedMain] .RepositoryConfigurationExtensionSupport : Spring Data Redis - Could not safely identify store assignment for repository candidate interface com.bluecode.chatbot.repository.ChatRepository; If you want this repository to be a Redis repository, consider annotating your entities with one of these annotations: org.springframework.data.redis.core.RedisHash (preferred), or consider extending one of the following types with your repository: org.springframework.data.keyvalue.repository.KeyValueRepository
2024-08-30T09:33:49.031+09:00  INFO 36304 --- [chatbot] [restartedMain] .RepositoryConfigurationExtensionSupport : Spring Data Redis - Could not safely identify store assignment for repository candidate interface com.bluecode.chatbot.repository.CurriculumRepository; If you want this repository to be a Redis repository, consider annotating your entities with one of these annotations: org.springframework.data.redis.core.RedisHash (preferred), or consider extending one of the following types with your repository: org.springframework.data.keyvalue.repository.KeyValueRepository
2024-08-30T09:33:49.031+09:00  INFO 36304 --- [chatbot] [restartedMain] .RepositoryConfigurationExtensionSupport : Spring Data Redis - Could not safely identify store assignment for repository candidate interface com.bluecode.chatbot.repository.MissionRepository; If you want this repository to be a Redis repository, consider annotating your entities with one of these annotations: org.springframework.data.redis.core.RedisHash (preferred), or consider extending one of the following types with your repository: org.springframework.data.keyvalue.repository.KeyValueRepository
2024-08-30T09:33:49.031+09:00  INFO 36304 --- [chatbot] [restartedMain] .RepositoryConfigurationExtensionSupport : Spring Data Redis - Could not safely identify store assignment for repository candidate interface com.bluecode.chatbot.repository.QuizCaseRepository; If you want this repository to be a Redis repository, consider annotating your entities with one of these annotations: org.springframework.data.redis.core.RedisHash (preferred), or consider extending one of the following types with your repository: org.springframework.data.keyvalue.repository.KeyValueRepository
2024-08-30T09:33:49.031+09:00  INFO 36304 --- [chatbot] [restartedMain] .RepositoryConfigurationExtensionSupport : Spring Data Redis - Could not safely identify store assignment for repository candidate interface com.bluecode.chatbot.repository.QuizRepository; If you want this repository to be a Redis repository, consider annotating your entities with one of these annotations: org.springframework.data.redis.core.RedisHash (preferred), or consider extending one of the following types with your repository: org.springframework.data.keyvalue.repository.KeyValueRepository
2024-08-30T09:33:49.031+09:00  INFO 36304 --- [chatbot] [restartedMain] .RepositoryConfigurationExtensionSupport : Spring Data Redis - Could not safely identify store assignment for repository candidate interface com.bluecode.chatbot.repository.RefreshTokenRepository; If you want this repository to be a Redis repository, consider annotating your entities with one of these annotations: org.springframework.data.redis.core.RedisHash (preferred), or consider extending one of the following types with your repository: org.springframework.data.keyvalue.repository.KeyValueRepository
2024-08-30T09:33:49.031+09:00  INFO 36304 --- [chatbot] [restartedMain] .RepositoryConfigurationExtensionSupport : Spring Data Redis - Could not safely identify store assignment for repository candidate interface com.bluecode.chatbot.repository.StudyRepository; If you want this repository to be a Redis repository, consider annotating your entities with one of these annotations: org.springframework.data.redis.core.RedisHash (preferred), or consider extending one of the following types with your repository: org.springframework.data.keyvalue.repository.KeyValueRepository
2024-08-30T09:33:49.032+09:00  INFO 36304 --- [chatbot] [restartedMain] .RepositoryConfigurationExtensionSupport : Spring Data Redis - Could not safely identify store assignment for repository candidate interface com.bluecode.chatbot.repository.TestRepository; If you want this repository to be a Redis repository, consider annotating your entities with one of these annotations: org.springframework.data.redis.core.RedisHash (preferred), or consider extending one of the following types with your repository: org.springframework.data.keyvalue.repository.KeyValueRepository
2024-08-30T09:33:49.032+09:00  INFO 36304 --- [chatbot] [restartedMain] .RepositoryConfigurationExtensionSupport : Spring Data Redis - Could not safely identify store assignment for repository candidate interface com.bluecode.chatbot.repository.UserMissionRepository; If you want this repository to be a Redis repository, consider annotating your entities with one of these annotations: org.springframework.data.redis.core.RedisHash (preferred), or consider extending one of the following types with your repository: org.springframework.data.keyvalue.repository.KeyValueRepository
2024-08-30T09:33:49.032+09:00  INFO 36304 --- [chatbot] [restartedMain] .RepositoryConfigurationExtensionSupport : Spring Data Redis - Could not safely identify store assignment for repository candidate interface com.bluecode.chatbot.repository.UserRepository; If you want this repository to be a Redis repository, consider annotating your entities with one of these annotations: org.springframework.data.redis.core.RedisHash (preferred), or consider extending one of the following types with your repository: org.springframework.data.keyvalue.repository.KeyValueRepository
2024-08-30T09:33:49.032+09:00  INFO 36304 --- [chatbot] [restartedMain] .s.d.r.c.RepositoryConfigurationDelegate : Finished Spring Data repository scanning in 5 ms. Found 0 Redis repository interfaces.
2024-08-30T09:33:49.107+09:00  INFO 36304 --- [chatbot] [restartedMain] o.s.b.w.embedded.tomcat.TomcatWebServer  : Tomcat initialized with port 8080 (http)
2024-08-30T09:33:49.107+09:00  INFO 36304 --- [chatbot] [restartedMain] o.apache.catalina.core.StandardService   : Starting service [Tomcat]
2024-08-30T09:33:49.108+09:00  INFO 36304 --- [chatbot] [restartedMain] o.apache.catalina.core.StandardEngine    : Starting Servlet engine: [Apache Tomcat/10.1.20]
2024-08-30T09:33:49.132+09:00  INFO 36304 --- [chatbot] [restartedMain] o.a.c.c.C.[Tomcat].[localhost].[/]       : Initializing Spring embedded WebApplicationContext
2024-08-30T09:33:49.132+09:00  INFO 36304 --- [chatbot] [restartedMain] w.s.c.ServletWebServerApplicationContext : Root WebApplicationContext: initialization completed in 388 ms
2024-08-30T09:33:49.140+09:00  INFO 36304 --- [chatbot] [restartedMain] com.zaxxer.hikari.HikariDataSource       : HikariPool-3 - Starting...
2024-08-30T09:33:49.149+09:00  INFO 36304 --- [chatbot] [restartedMain] com.zaxxer.hikari.pool.HikariPool        : HikariPool-3 - Added connection com.mysql.cj.jdbc.ConnectionImpl@77c2f4ed
2024-08-30T09:33:49.149+09:00  INFO 36304 --- [chatbot] [restartedMain] com.zaxxer.hikari.HikariDataSource       : HikariPool-3 - Start completed.
2024-08-30T09:33:49.149+09:00  INFO 36304 --- [chatbot] [restartedMain] o.s.b.a.h2.H2ConsoleAutoConfiguration    : H2 console available at '/h2-console'. Database available at 'jdbc:mysql://localhost:3306/bluecode?serverTimezone=Asia/Seoul'
2024-08-30T09:33:49.167+09:00  INFO 36304 --- [chatbot] [restartedMain] o.hibernate.jpa.internal.util.LogHelper  : HHH000204: Processing PersistenceUnitInfo [name: default]
2024-08-30T09:33:49.170+09:00  INFO 36304 --- [chatbot] [restartedMain] o.h.c.internal.RegionFactoryInitiator    : HHH000026: Second-level cache disabled
2024-08-30T09:33:49.175+09:00  INFO 36304 --- [chatbot] [restartedMain] o.s.o.j.p.SpringPersistenceUnitInfo      : No LoadTimeWeaver setup: ignoring JPA class transformer
2024-08-30T09:33:49.177+09:00  WARN 36304 --- [chatbot] [restartedMain] org.hibernate.orm.deprecation            : HHH90000025: MySQLDialect does not need to be specified explicitly using 'hibernate.dialect' (remove the property setting and it will be selected by default)
2024-08-30T09:33:49.261+09:00  INFO 36304 --- [chatbot] [restartedMain] o.h.e.t.j.p.i.JtaPlatformInitiator       : HHH000489: No JTA platform available (set 'hibernate.transaction.jta.platform' to enable JTA platform integration)
2024-08-30T09:33:50.116+09:00  INFO 36304 --- [chatbot] [restartedMain] j.LocalContainerEntityManagerFactoryBean : Initialized JPA EntityManagerFactory for persistence unit 'default'
2024-08-30T09:33:50.311+09:00  INFO 36304 --- [chatbot] [restartedMain] c.b.chatbot.config.InitDb$InitService    : Users have been initialized
2024-08-30T09:33:50.368+09:00  INFO 36304 --- [chatbot] [restartedMain] c.b.chatbot.config.InitDb$InitService    : curriculums: 파이썬 환경
2024-08-30T09:33:50.368+09:00  INFO 36304 --- [chatbot] [restartedMain] c.b.chatbot.config.InitDb$InitService    : curriculums: 변수와 자료형
2024-08-30T09:33:50.368+09:00  INFO 36304 --- [chatbot] [restartedMain] c.b.chatbot.config.InitDb$InitService    : curriculums: 문자열 처리
2024-08-30T09:33:50.368+09:00  INFO 36304 --- [chatbot] [restartedMain] c.b.chatbot.config.InitDb$InitService    : curriculums: 조건문
2024-08-30T09:33:50.368+09:00  INFO 36304 --- [chatbot] [restartedMain] c.b.chatbot.config.InitDb$InitService    : curriculums: 반복문
2024-08-30T09:33:50.368+09:00  INFO 36304 --- [chatbot] [restartedMain] c.b.chatbot.config.InitDb$InitService    : curriculums: 함수
2024-08-30T09:33:50.368+09:00  INFO 36304 --- [chatbot] [restartedMain] c.b.chatbot.config.InitDb$InitService    : curriculums: 자료구조
2024-08-30T09:33:50.368+09:00  INFO 36304 --- [chatbot] [restartedMain] c.b.chatbot.config.InitDb$InitService    : curriculums: 파일 처리
2024-08-30T09:33:50.368+09:00  INFO 36304 --- [chatbot] [restartedMain] c.b.chatbot.config.InitDb$InitService    : curriculums: 예외 처리
2024-08-30T09:33:50.368+09:00  INFO 36304 --- [chatbot] [restartedMain] c.b.chatbot.config.InitDb$InitService    : curriculums: 클래스와 객체
2024-08-30T09:33:50.368+09:00  INFO 36304 --- [chatbot] [restartedMain] c.b.chatbot.config.InitDb$InitService    : curriculums: 모듈과 패키지
2024-08-30T09:33:50.368+09:00  INFO 36304 --- [chatbot] [restartedMain] c.b.chatbot.config.InitDb$InitService    : chap: 변수와 자료형
2024-08-30T09:33:50.368+09:00  INFO 36304 --- [chatbot] [restartedMain] c.b.chatbot.config.InitDb$InitService    : chap: 문자열 처리
2024-08-30T09:33:50.368+09:00  INFO 36304 --- [chatbot] [restartedMain] c.b.chatbot.config.InitDb$InitService    : chap: 조건문
2024-08-30T09:33:51.043+09:00  WARN 36304 --- [chatbot] [restartedMain] JpaBaseConfiguration$JpaWebConfiguration : spring.jpa.open-in-view is enabled by default. Therefore, database queries may be performed during view rendering. Explicitly configure spring.jpa.open-in-view to disable this warning
2024-08-30T09:33:51.063+09:00 DEBUG 36304 --- [chatbot] [restartedMain] s.w.s.m.m.a.RequestMappingHandlerMapping : 43 mappings in 'requestMappingHandlerMapping'
2024-08-30T09:33:51.084+09:00 DEBUG 36304 --- [chatbot] [restartedMain] o.s.w.s.handler.SimpleUrlHandlerMapping  : Patterns [/webjars/**, /**] in 'resourceHandlerMapping'
2024-08-30T09:33:51.089+09:00  INFO 36304 --- [chatbot] [restartedMain] o.s.s.web.DefaultSecurityFilterChain     : Will secure any request with [org.springframework.security.web.session.DisableEncodeUrlFilter@560853aa, org.springframework.security.web.context.request.async.WebAsyncManagerIntegrationFilter@3d3acaae, org.springframework.security.web.context.SecurityContextHolderFilter@69b1a08, org.springframework.security.web.header.HeaderWriterFilter@ac53444, org.springframework.web.filter.CorsFilter@6a62719, org.springframework.security.web.authentication.logout.LogoutFilter@26c9b20f, org.springframework.security.web.savedrequest.RequestCacheAwareFilter@3a0947ac, org.springframework.security.web.servletapi.SecurityContextHolderAwareRequestFilter@5b98d465, org.springframework.security.web.authentication.AnonymousAuthenticationFilter@165d8c18, org.springframework.security.web.access.ExceptionTranslationFilter@59d704ec, org.springframework.security.web.access.intercept.AuthorizationFilter@4b2b6815]
2024-08-30T09:33:51.098+09:00 DEBUG 36304 --- [chatbot] [restartedMain] s.w.s.m.m.a.RequestMappingHandlerAdapter : ControllerAdvice beans: 0 @ModelAttribute, 0 @InitBinder, 2 RequestBodyAdvice, 1 ResponseBodyAdvice
2024-08-30T09:33:51.100+09:00 DEBUG 36304 --- [chatbot] [restartedMain] .m.m.a.ExceptionHandlerExceptionResolver : ControllerAdvice beans: 1 @ExceptionHandler, 1 ResponseBodyAdvice
2024-08-30T09:33:51.121+09:00  INFO 36304 --- [chatbot] [restartedMain] o.s.b.d.a.OptionalLiveReloadServer       : LiveReload server is running on port 35729
2024-08-30T09:33:51.133+09:00  INFO 36304 --- [chatbot] [restartedMain] o.s.b.w.embedded.tomcat.TomcatWebServer  : Tomcat started on port 8080 (http) with context path ''
2024-08-30T09:33:51.136+09:00  INFO 36304 --- [chatbot] [restartedMain] c.bluecode.chatbot.ChatbotApplication    : Started ChatbotApplication in 2.414 seconds (process running for 103.645)
2024-08-30T09:33:51.137+09:00  INFO 36304 --- [chatbot] [restartedMain] com.bluecode.chatbot.ApiKeyLogger        : Current API Key: sk-************************************************
2024-08-30T09:33:51.137+09:00  INFO 36304 --- [chatbot] [restartedMain] .ConditionEvaluationDeltaLoggingListener : Condition evaluation unchanged
2024-08-30T09:40:23.886+09:00  INFO 36304 --- [chatbot] [SpringApplicationShutdownHook] j.LocalContainerEntityManagerFactoryBean : Closing JPA EntityManagerFactory for persistence unit 'default'
2024-08-30T09:40:23.887+09:00  INFO 36304 --- [chatbot] [SpringApplicationShutdownHook] com.zaxxer.hikari.HikariDataSource       : HikariPool-3 - Shutdown initiated...
2024-08-30T09:40:23.890+09:00  INFO 36304 --- [chatbot] [SpringApplicationShutdownHook] com.zaxxer.hikari.HikariDataSource       : HikariPool-3 - Shutdown completed.
2024-08-30T09:40:27.945+09:00  INFO 25648 --- [chatbot] [restartedMain] c.bluecode.chatbot.ChatbotApplication    : Starting ChatbotApplication using Java 17.0.9 with PID 25648 (C:\Users\ewoo2\OneDrive\문서\GitHub\공개SW프로젝트-Win\2024-1-CECD1-BlueCode-3\Backend\build\classes\java\main started by ewoo2 in C:\Users\ewoo2\OneDrive\문서\GitHub\공개SW프로젝트-Win\2024-1-CECD1-BlueCode-3\Backend)
2024-08-30T09:40:27.947+09:00  INFO 25648 --- [chatbot] [restartedMain] c.bluecode.chatbot.ChatbotApplication    : No active profile set, falling back to 1 default profile: "default"
2024-08-30T09:40:27.984+09:00  INFO 25648 --- [chatbot] [restartedMain] .e.DevToolsPropertyDefaultsPostProcessor : Devtools property defaults active! Set 'spring.devtools.add-properties' to 'false' to disable
2024-08-30T09:40:27.985+09:00  INFO 25648 --- [chatbot] [restartedMain] .e.DevToolsPropertyDefaultsPostProcessor : For additional web related logging consider setting the 'logging.level.web' property to 'DEBUG'
2024-08-30T09:40:28.479+09:00  INFO 25648 --- [chatbot] [restartedMain] .s.d.r.c.RepositoryConfigurationDelegate : Multiple Spring Data modules found, entering strict repository configuration mode
2024-08-30T09:40:28.479+09:00  INFO 25648 --- [chatbot] [restartedMain] .s.d.r.c.RepositoryConfigurationDelegate : Bootstrapping Spring Data Redis repositories in DEFAULT mode.
2024-08-30T09:40:28.494+09:00  INFO 25648 --- [chatbot] [restartedMain] .s.d.r.c.RepositoryConfigurationDelegate : Finished Spring Data repository scanning in 4 ms. Found 0 Redis repository interfaces.
2024-08-30T09:40:28.655+09:00  INFO 25648 --- [chatbot] [restartedMain] .s.d.r.c.RepositoryConfigurationDelegate : Multiple Spring Data modules found, entering strict repository configuration mode
2024-08-30T09:40:28.656+09:00  INFO 25648 --- [chatbot] [restartedMain] .s.d.r.c.RepositoryConfigurationDelegate : Bootstrapping Spring Data JPA repositories in DEFAULT mode.
2024-08-30T09:40:28.804+09:00  INFO 25648 --- [chatbot] [restartedMain] .s.d.r.c.RepositoryConfigurationDelegate : Finished Spring Data repository scanning in 144 ms. Found 10 JPA repository interfaces.
2024-08-30T09:40:28.814+09:00  INFO 25648 --- [chatbot] [restartedMain] .s.d.r.c.RepositoryConfigurationDelegate : Multiple Spring Data modules found, entering strict repository configuration mode
2024-08-30T09:40:28.814+09:00  INFO 25648 --- [chatbot] [restartedMain] .s.d.r.c.RepositoryConfigurationDelegate : Bootstrapping Spring Data Redis repositories in DEFAULT mode.
2024-08-30T09:40:28.820+09:00  INFO 25648 --- [chatbot] [restartedMain] .RepositoryConfigurationExtensionSupport : Spring Data Redis - Could not safely identify store assignment for repository candidate interface com.bluecode.chatbot.repository.ChatRepository; If you want this repository to be a Redis repository, consider annotating your entities with one of these annotations: org.springframework.data.redis.core.RedisHash (preferred), or consider extending one of the following types with your repository: org.springframework.data.keyvalue.repository.KeyValueRepository
2024-08-30T09:40:28.821+09:00  INFO 25648 --- [chatbot] [restartedMain] .RepositoryConfigurationExtensionSupport : Spring Data Redis - Could not safely identify store assignment for repository candidate interface com.bluecode.chatbot.repository.CurriculumRepository; If you want this repository to be a Redis repository, consider annotating your entities with one of these annotations: org.springframework.data.redis.core.RedisHash (preferred), or consider extending one of the following types with your repository: org.springframework.data.keyvalue.repository.KeyValueRepository
2024-08-30T09:40:28.821+09:00  INFO 25648 --- [chatbot] [restartedMain] .RepositoryConfigurationExtensionSupport : Spring Data Redis - Could not safely identify store assignment for repository candidate interface com.bluecode.chatbot.repository.MissionRepository; If you want this repository to be a Redis repository, consider annotating your entities with one of these annotations: org.springframework.data.redis.core.RedisHash (preferred), or consider extending one of the following types with your repository: org.springframework.data.keyvalue.repository.KeyValueRepository
2024-08-30T09:40:28.821+09:00  INFO 25648 --- [chatbot] [restartedMain] .RepositoryConfigurationExtensionSupport : Spring Data Redis - Could not safely identify store assignment for repository candidate interface com.bluecode.chatbot.repository.QuizCaseRepository; If you want this repository to be a Redis repository, consider annotating your entities with one of these annotations: org.springframework.data.redis.core.RedisHash (preferred), or consider extending one of the following types with your repository: org.springframework.data.keyvalue.repository.KeyValueRepository
2024-08-30T09:40:28.821+09:00  INFO 25648 --- [chatbot] [restartedMain] .RepositoryConfigurationExtensionSupport : Spring Data Redis - Could not safely identify store assignment for repository candidate interface com.bluecode.chatbot.repository.QuizRepository; If you want this repository to be a Redis repository, consider annotating your entities with one of these annotations: org.springframework.data.redis.core.RedisHash (preferred), or consider extending one of the following types with your repository: org.springframework.data.keyvalue.repository.KeyValueRepository
2024-08-30T09:40:28.822+09:00  INFO 25648 --- [chatbot] [restartedMain] .RepositoryConfigurationExtensionSupport : Spring Data Redis - Could not safely identify store assignment for repository candidate interface com.bluecode.chatbot.repository.RefreshTokenRepository; If you want this repository to be a Redis repository, consider annotating your entities with one of these annotations: org.springframework.data.redis.core.RedisHash (preferred), or consider extending one of the following types with your repository: org.springframework.data.keyvalue.repository.KeyValueRepository
2024-08-30T09:40:28.822+09:00  INFO 25648 --- [chatbot] [restartedMain] .RepositoryConfigurationExtensionSupport : Spring Data Redis - Could not safely identify store assignment for repository candidate interface com.bluecode.chatbot.repository.StudyRepository; If you want this repository to be a Redis repository, consider annotating your entities with one of these annotations: org.springframework.data.redis.core.RedisHash (preferred), or consider extending one of the following types with your repository: org.springframework.data.keyvalue.repository.KeyValueRepository
2024-08-30T09:40:28.822+09:00  INFO 25648 --- [chatbot] [restartedMain] .RepositoryConfigurationExtensionSupport : Spring Data Redis - Could not safely identify store assignment for repository candidate interface com.bluecode.chatbot.repository.TestRepository; If you want this repository to be a Redis repository, consider annotating your entities with one of these annotations: org.springframework.data.redis.core.RedisHash (preferred), or consider extending one of the following types with your repository: org.springframework.data.keyvalue.repository.KeyValueRepository
2024-08-30T09:40:28.822+09:00  INFO 25648 --- [chatbot] [restartedMain] .RepositoryConfigurationExtensionSupport : Spring Data Redis - Could not safely identify store assignment for repository candidate interface com.bluecode.chatbot.repository.UserMissionRepository; If you want this repository to be a Redis repository, consider annotating your entities with one of these annotations: org.springframework.data.redis.core.RedisHash (preferred), or consider extending one of the following types with your repository: org.springframework.data.keyvalue.repository.KeyValueRepository
2024-08-30T09:40:28.822+09:00  INFO 25648 --- [chatbot] [restartedMain] .RepositoryConfigurationExtensionSupport : Spring Data Redis - Could not safely identify store assignment for repository candidate interface com.bluecode.chatbot.repository.UserRepository; If you want this repository to be a Redis repository, consider annotating your entities with one of these annotations: org.springframework.data.redis.core.RedisHash (preferred), or consider extending one of the following types with your repository: org.springframework.data.keyvalue.repository.KeyValueRepository
2024-08-30T09:40:28.822+09:00  INFO 25648 --- [chatbot] [restartedMain] .s.d.r.c.RepositoryConfigurationDelegate : Finished Spring Data repository scanning in 8 ms. Found 0 Redis repository interfaces.
2024-08-30T09:40:29.371+09:00  INFO 25648 --- [chatbot] [restartedMain] o.s.b.w.embedded.tomcat.TomcatWebServer  : Tomcat initialized with port 8080 (http)
2024-08-30T09:40:29.380+09:00  INFO 25648 --- [chatbot] [restartedMain] o.apache.catalina.core.StandardService   : Starting service [Tomcat]
2024-08-30T09:40:29.380+09:00  INFO 25648 --- [chatbot] [restartedMain] o.apache.catalina.core.StandardEngine    : Starting Servlet engine: [Apache Tomcat/10.1.20]
2024-08-30T09:40:29.448+09:00  INFO 25648 --- [chatbot] [restartedMain] o.a.c.c.C.[Tomcat].[localhost].[/]       : Initializing Spring embedded WebApplicationContext
2024-08-30T09:40:29.449+09:00  INFO 25648 --- [chatbot] [restartedMain] w.s.c.ServletWebServerApplicationContext : Root WebApplicationContext: initialization completed in 1463 ms
2024-08-30T09:40:29.479+09:00  INFO 25648 --- [chatbot] [restartedMain] com.zaxxer.hikari.HikariDataSource       : HikariPool-1 - Starting...
2024-08-30T09:40:29.777+09:00  INFO 25648 --- [chatbot] [restartedMain] com.zaxxer.hikari.pool.HikariPool        : HikariPool-1 - Added connection com.mysql.cj.jdbc.ConnectionImpl@7761f9f8
2024-08-30T09:40:29.779+09:00  INFO 25648 --- [chatbot] [restartedMain] com.zaxxer.hikari.HikariDataSource       : HikariPool-1 - Start completed.
2024-08-30T09:40:29.791+09:00  INFO 25648 --- [chatbot] [restartedMain] o.s.b.a.h2.H2ConsoleAutoConfiguration    : H2 console available at '/h2-console'. Database available at 'jdbc:mysql://localhost:3306/bluecode?serverTimezone=Asia/Seoul'
2024-08-30T09:40:29.948+09:00  INFO 25648 --- [chatbot] [restartedMain] o.hibernate.jpa.internal.util.LogHelper  : HHH000204: Processing PersistenceUnitInfo [name: default]
2024-08-30T09:40:30.037+09:00  INFO 25648 --- [chatbot] [restartedMain] org.hibernate.Version                    : HHH000412: Hibernate ORM core version 6.4.4.Final
2024-08-30T09:40:30.083+09:00  INFO 25648 --- [chatbot] [restartedMain] o.h.c.internal.RegionFactoryInitiator    : HHH000026: Second-level cache disabled
2024-08-30T09:40:30.347+09:00  INFO 25648 --- [chatbot] [restartedMain] o.s.o.j.p.SpringPersistenceUnitInfo      : No LoadTimeWeaver setup: ignoring JPA class transformer
2024-08-30T09:40:30.428+09:00  WARN 25648 --- [chatbot] [restartedMain] org.hibernate.orm.deprecation            : HHH90000025: MySQLDialect does not need to be specified explicitly using 'hibernate.dialect' (remove the property setting and it will be selected by default)
2024-08-30T09:40:31.249+09:00  INFO 25648 --- [chatbot] [restartedMain] o.h.e.t.j.p.i.JtaPlatformInitiator       : HHH000489: No JTA platform available (set 'hibernate.transaction.jta.platform' to enable JTA platform integration)
2024-08-30T09:40:32.426+09:00  INFO 25648 --- [chatbot] [restartedMain] j.LocalContainerEntityManagerFactoryBean : Initialized JPA EntityManagerFactory for persistence unit 'default'
2024-08-30T09:40:32.612+09:00  INFO 25648 --- [chatbot] [restartedMain] o.s.d.j.r.query.QueryEnhancerFactory     : Hibernate is in classpath; If applicable, HQL parser will be used.
2024-08-30T09:40:33.088+09:00  INFO 25648 --- [chatbot] [restartedMain] c.b.chatbot.config.InitDb$InitService    : Users have been initialized
2024-08-30T09:40:33.268+09:00  INFO 25648 --- [chatbot] [restartedMain] c.b.chatbot.config.InitDb$InitService    : curriculums: 파이썬 환경
2024-08-30T09:40:33.268+09:00  INFO 25648 --- [chatbot] [restartedMain] c.b.chatbot.config.InitDb$InitService    : curriculums: 변수와 자료형
2024-08-30T09:40:33.268+09:00  INFO 25648 --- [chatbot] [restartedMain] c.b.chatbot.config.InitDb$InitService    : curriculums: 문자열 처리
2024-08-30T09:40:33.268+09:00  INFO 25648 --- [chatbot] [restartedMain] c.b.chatbot.config.InitDb$InitService    : curriculums: 조건문
2024-08-30T09:40:33.268+09:00  INFO 25648 --- [chatbot] [restartedMain] c.b.chatbot.config.InitDb$InitService    : curriculums: 반복문
2024-08-30T09:40:33.269+09:00  INFO 25648 --- [chatbot] [restartedMain] c.b.chatbot.config.InitDb$InitService    : curriculums: 함수
2024-08-30T09:40:33.269+09:00  INFO 25648 --- [chatbot] [restartedMain] c.b.chatbot.config.InitDb$InitService    : curriculums: 자료구조
2024-08-30T09:40:33.269+09:00  INFO 25648 --- [chatbot] [restartedMain] c.b.chatbot.config.InitDb$InitService    : curriculums: 파일 처리
2024-08-30T09:40:33.269+09:00  INFO 25648 --- [chatbot] [restartedMain] c.b.chatbot.config.InitDb$InitService    : curriculums: 예외 처리
2024-08-30T09:40:33.269+09:00  INFO 25648 --- [chatbot] [restartedMain] c.b.chatbot.config.InitDb$InitService    : curriculums: 클래스와 객체
2024-08-30T09:40:33.269+09:00  INFO 25648 --- [chatbot] [restartedMain] c.b.chatbot.config.InitDb$InitService    : curriculums: 모듈과 패키지
2024-08-30T09:40:33.269+09:00  INFO 25648 --- [chatbot] [restartedMain] c.b.chatbot.config.InitDb$InitService    : chap: 변수와 자료형
2024-08-30T09:40:33.269+09:00  INFO 25648 --- [chatbot] [restartedMain] c.b.chatbot.config.InitDb$InitService    : chap: 문자열 처리
2024-08-30T09:40:33.269+09:00  INFO 25648 --- [chatbot] [restartedMain] c.b.chatbot.config.InitDb$InitService    : chap: 조건문
2024-08-30T09:40:34.213+09:00  WARN 25648 --- [chatbot] [restartedMain] JpaBaseConfiguration$JpaWebConfiguration : spring.jpa.open-in-view is enabled by default. Therefore, database queries may be performed during view rendering. Explicitly configure spring.jpa.open-in-view to disable this warning
2024-08-30T09:40:34.300+09:00 DEBUG 25648 --- [chatbot] [restartedMain] s.w.s.m.m.a.RequestMappingHandlerMapping : 43 mappings in 'requestMappingHandlerMapping'
2024-08-30T09:40:34.370+09:00 DEBUG 25648 --- [chatbot] [restartedMain] o.s.w.s.handler.SimpleUrlHandlerMapping  : Patterns [/webjars/**, /**] in 'resourceHandlerMapping'
2024-08-30T09:40:34.397+09:00  INFO 25648 --- [chatbot] [restartedMain] o.s.s.web.DefaultSecurityFilterChain     : Will secure any request with [org.springframework.security.web.session.DisableEncodeUrlFilter@589e9f5, org.springframework.security.web.context.request.async.WebAsyncManagerIntegrationFilter@393f4d37, org.springframework.security.web.context.SecurityContextHolderFilter@5023c596, org.springframework.security.web.header.HeaderWriterFilter@7cb5014d, org.springframework.web.filter.CorsFilter@3dde3adc, org.springframework.security.web.authentication.logout.LogoutFilter@14b27bf7, org.springframework.security.web.savedrequest.RequestCacheAwareFilter@28b613a9, org.springframework.security.web.servletapi.SecurityContextHolderAwareRequestFilter@1124ea3b, org.springframework.security.web.authentication.AnonymousAuthenticationFilter@6aeeeee3, org.springframework.security.web.access.ExceptionTranslationFilter@23b7ad02, org.springframework.security.web.access.intercept.AuthorizationFilter@7ab8c65d]
2024-08-30T09:40:34.447+09:00 DEBUG 25648 --- [chatbot] [restartedMain] s.w.s.m.m.a.RequestMappingHandlerAdapter : ControllerAdvice beans: 0 @ModelAttribute, 0 @InitBinder, 2 RequestBodyAdvice, 1 ResponseBodyAdvice
2024-08-30T09:40:34.479+09:00 DEBUG 25648 --- [chatbot] [restartedMain] .m.m.a.ExceptionHandlerExceptionResolver : ControllerAdvice beans: 1 @ExceptionHandler, 1 ResponseBodyAdvice
2024-08-30T09:40:34.584+09:00  INFO 25648 --- [chatbot] [restartedMain] o.s.b.d.a.OptionalLiveReloadServer       : LiveReload server is running on port 35729
2024-08-30T09:40:34.605+09:00  INFO 25648 --- [chatbot] [restartedMain] o.s.b.w.embedded.tomcat.TomcatWebServer  : Tomcat started on port 8080 (http) with context path ''
2024-08-30T09:40:34.616+09:00  INFO 25648 --- [chatbot] [restartedMain] c.bluecode.chatbot.ChatbotApplication    : Started ChatbotApplication in 7.056 seconds (process running for 7.711)
2024-08-30T09:40:34.619+09:00  INFO 25648 --- [chatbot] [restartedMain] com.bluecode.chatbot.ApiKeyLogger        : Current API Key: sk-************************************************
