2024-07-04T12:03:17.614+09:00  INFO 11912 --- [chatbot] [Test worker] c.b.chatbot.service.TestServiceTest      : Starting TestServiceTest using Java 17.0.9 with PID 11912 (started by ewoo2 in C:\Users\ewoo2\OneDrive\문서\GitHub\공개SW프로젝트-Win\2024-1-CECD1-BlueCode-3\Back)
2024-07-04T12:03:17.620+09:00 DEBUG 11912 --- [chatbot] [Test worker] c.b.chatbot.service.TestServiceTest      : Running with Spring Boot v3.2.5, Spring v6.1.6
2024-07-04T12:03:17.621+09:00  INFO 11912 --- [chatbot] [Test worker] c.b.chatbot.service.TestServiceTest      : The following 1 profile is active: "dev"
2024-07-04T12:03:17.655+09:00 DEBUG 11912 --- [chatbot] [Test worker] o.s.w.c.s.GenericWebApplicationContext   : Refreshing org.springframework.web.context.support.GenericWebApplicationContext@1d12b024
2024-07-04T12:03:18.395+09:00  INFO 11912 --- [chatbot] [Test worker] .s.d.r.c.RepositoryConfigurationDelegate : Bootstrapping Spring Data JPA repositories in DEFAULT mode.
2024-07-04T12:03:18.594+09:00  INFO 11912 --- [chatbot] [Test worker] .s.d.r.c.RepositoryConfigurationDelegate : Finished Spring Data repository scanning in 188 ms. Found 8 JPA repository interfaces.
2024-07-04T12:03:19.083+09:00  INFO 11912 --- [chatbot] [Test worker] o.hibernate.jpa.internal.util.LogHelper  : HHH000204: Processing PersistenceUnitInfo [name: default]
2024-07-04T12:03:19.162+09:00  INFO 11912 --- [chatbot] [Test worker] org.hibernate.Version                    : HHH000412: Hibernate ORM core version 6.4.4.Final
2024-07-04T12:03:19.200+09:00  INFO 11912 --- [chatbot] [Test worker] o.h.c.internal.RegionFactoryInitiator    : HHH000026: Second-level cache disabled
2024-07-04T12:03:19.510+09:00  INFO 11912 --- [chatbot] [Test worker] o.s.o.j.p.SpringPersistenceUnitInfo      : No LoadTimeWeaver setup: ignoring JPA class transformer
2024-07-04T12:03:19.540+09:00  INFO 11912 --- [chatbot] [Test worker] com.zaxxer.hikari.HikariDataSource       : HikariPool-1 - Starting...
2024-07-04T12:03:19.828+09:00  INFO 11912 --- [chatbot] [Test worker] com.zaxxer.hikari.pool.HikariPool        : HikariPool-1 - Added connection com.mysql.cj.jdbc.ConnectionImpl@f42336c
2024-07-04T12:03:19.830+09:00  INFO 11912 --- [chatbot] [Test worker] com.zaxxer.hikari.HikariDataSource       : HikariPool-1 - Start completed.
2024-07-04T12:03:19.883+09:00  WARN 11912 --- [chatbot] [Test worker] org.hibernate.orm.deprecation            : HHH90000025: MySQLDialect does not need to be specified explicitly using 'hibernate.dialect' (remove the property setting and it will be selected by default)
2024-07-04T12:03:20.935+09:00  INFO 11912 --- [chatbot] [Test worker] o.h.e.t.j.p.i.JtaPlatformInitiator       : HHH000489: No JTA platform available (set 'hibernate.transaction.jta.platform' to enable JTA platform integration)
2024-07-04T12:03:21.618+09:00  INFO 11912 --- [chatbot] [Test worker] j.LocalContainerEntityManagerFactoryBean : Initialized JPA EntityManagerFactory for persistence unit 'default'
2024-07-04T12:03:22.141+09:00  INFO 11912 --- [chatbot] [Test worker] o.s.d.j.r.query.QueryEnhancerFactory     : Hibernate is in classpath; If applicable, HQL parser will be used.
2024-07-04T12:03:23.170+09:00  INFO 11912 --- [chatbot] [Test worker] c.b.chatbot.config.InitDb$InitService    : 챕터 4: HARD학습자료: 4. 표현식 테스트 내용 입니다. - 초기 시험 합격
2024-07-04T12:03:23.175+09:00  INFO 11912 --- [chatbot] [Test worker] c.b.chatbot.config.InitDb$InitService    : 7. 주석,파이썬에서 대괄호, 중괄호, 소괄호 간 차이
2024-07-04T12:03:23.350+09:00  WARN 11912 --- [chatbot] [Test worker] JpaBaseConfiguration$JpaWebConfiguration : spring.jpa.open-in-view is enabled by default. Therefore, database queries may be performed during view rendering. Explicitly configure spring.jpa.open-in-view to disable this warning
2024-07-04T12:03:23.393+09:00  WARN 11912 --- [chatbot] [Test worker] .s.s.UserDetailsServiceAutoConfiguration : 

Using generated security password: 7838d083-0b2c-4184-95e3-20fa73171f96

This generated password is for development use only. Your security configuration must be updated before running your application in production.

2024-07-04T12:03:23.573+09:00 DEBUG 11912 --- [chatbot] [Test worker] s.w.s.m.m.a.RequestMappingHandlerMapping : 4 mappings in 'requestMappingHandlerMapping'
2024-07-04T12:03:23.813+09:00 DEBUG 11912 --- [chatbot] [Test worker] o.s.w.s.handler.SimpleUrlHandlerMapping  : Patterns [/webjars/**, /**] in 'resourceHandlerMapping'
2024-07-04T12:03:23.853+09:00  INFO 11912 --- [chatbot] [Test worker] o.s.s.web.DefaultSecurityFilterChain     : Will secure any request with [org.springframework.security.web.session.DisableEncodeUrlFilter@6f798e5a, org.springframework.security.web.context.request.async.WebAsyncManagerIntegrationFilter@cbbc0ac, org.springframework.security.web.context.SecurityContextHolderFilter@52a42e0f, org.springframework.security.web.header.HeaderWriterFilter@1bff70a6, org.springframework.web.filter.CorsFilter@570fc662, org.springframework.security.web.authentication.logout.LogoutFilter@62f11904, org.springframework.security.web.savedrequest.RequestCacheAwareFilter@6174ff60, org.springframework.security.web.servletapi.SecurityContextHolderAwareRequestFilter@3b5950f, org.springframework.security.web.authentication.AnonymousAuthenticationFilter@6ca257de, org.springframework.security.web.access.ExceptionTranslationFilter@50ea4eaa, org.springframework.security.web.access.intercept.AuthorizationFilter@72722a6b]
2024-07-04T12:03:24.043+09:00 DEBUG 11912 --- [chatbot] [Test worker] s.w.s.m.m.a.RequestMappingHandlerAdapter : ControllerAdvice beans: 0 @ModelAttribute, 0 @InitBinder, 1 RequestBodyAdvice, 1 ResponseBodyAdvice
2024-07-04T12:03:24.088+09:00 DEBUG 11912 --- [chatbot] [Test worker] .m.m.a.ExceptionHandlerExceptionResolver : ControllerAdvice beans: 0 @ExceptionHandler, 1 ResponseBodyAdvice
2024-07-04T12:03:24.259+09:00  INFO 11912 --- [chatbot] [Test worker] c.b.chatbot.service.TestServiceTest      : Started TestServiceTest in 6.882 seconds (process running for 8.155)
2024-07-04T12:03:24.262+09:00  INFO 11912 --- [chatbot] [Test worker] com.bluecode.chatbot.ApiKeyLogger        : Current API Key: sk-************************************************
2024-07-04T12:03:24.795+09:00  INFO 11912 --- [chatbot] [Test worker] c.b.chatbot.service.TestServiceTest      : testForInitialTest 테스트 시작
2024-07-04T12:03:24.795+09:00  INFO 11912 --- [chatbot] [Test worker] c.bluecode.chatbot.service.TestService   : forInitialTest with userId: 2, chapterNum: 1
2024-07-04T12:03:24.795+09:00  INFO 11912 --- [chatbot] [Test worker] c.bluecode.chatbot.service.QuizService   : getRandomQuizzesByType chapterNum: 1, type: NUM, count: 2
2024-07-04T12:03:24.837+09:00  INFO 11912 --- [chatbot] [Test worker] c.bluecode.chatbot.service.QuizService   : Selected quizzes: [com.bluecode.chatbot.domain.Quiz@2e7da886, com.bluecode.chatbot.domain.Quiz@60ca607]
2024-07-04T12:03:24.837+09:00  INFO 11912 --- [chatbot] [Test worker] c.bluecode.chatbot.service.QuizService   : getRandomQuizzesByType chapterNum: 1, type: NUM, count: 1
2024-07-04T12:03:24.841+09:00  INFO 11912 --- [chatbot] [Test worker] c.bluecode.chatbot.service.QuizService   : Selected quizzes: [com.bluecode.chatbot.domain.Quiz@653bfc3d]
2024-07-04T12:03:24.841+09:00  INFO 11912 --- [chatbot] [Test worker] c.bluecode.chatbot.service.QuizService   : getRandomQuizzesByType chapterNum: 1, type: NUM, count: 1
2024-07-04T12:03:24.844+09:00  INFO 11912 --- [chatbot] [Test worker] c.bluecode.chatbot.service.QuizService   : Selected quizzes: [com.bluecode.chatbot.domain.Quiz@5b4e1899]
2024-07-04T12:03:24.845+09:00  INFO 11912 --- [chatbot] [Test worker] c.bluecode.chatbot.service.TestService   : forInitialTest response: TestResponseDto(tests=[TestResponseElementDto(quizId=2, text=테스트 문제-챕터 1: 중급자 2번째, level=HARD, quizType=NUM, q1=오답1, q2=정답2, q3=오답3, q4=오답4), TestResponseElementDto(quizId=4, text=테스트 문제-챕터 1: 입문자 1번째, level=EASY, quizType=NUM, q1=오답1, q2=오답2, q3=오답3, q4=정답4), TestResponseElementDto(quizId=2, text=테스트 문제-챕터 1: 중급자 2번째, level=HARD, quizType=NUM, q1=오답1, q2=정답2, q3=오답3, q4=오답4), TestResponseElementDto(quizId=3, text=테스트 문제-챕터 1: 초급자 1번째, level=NORMAL, quizType=NUM, q1=오답1, q2=오답2, q3=정답3, q4=오답4)])
2024-07-04T12:03:24.853+09:00  INFO 11912 --- [chatbot] [Test worker] c.b.chatbot.service.TestServiceTest      : Initialized test: TestResponseElementDto(quizId=2, text=테스트 문제-챕터 1: 중급자 2번째, level=HARD, quizType=NUM, q1=오답1, q2=정답2, q3=오답3, q4=오답4)
2024-07-04T12:03:24.853+09:00  INFO 11912 --- [chatbot] [Test worker] c.b.chatbot.service.TestServiceTest      : Initialized test: TestResponseElementDto(quizId=4, text=테스트 문제-챕터 1: 입문자 1번째, level=EASY, quizType=NUM, q1=오답1, q2=오답2, q3=오답3, q4=정답4)
2024-07-04T12:03:24.853+09:00  INFO 11912 --- [chatbot] [Test worker] c.b.chatbot.service.TestServiceTest      : Initialized test: TestResponseElementDto(quizId=2, text=테스트 문제-챕터 1: 중급자 2번째, level=HARD, quizType=NUM, q1=오답1, q2=정답2, q3=오답3, q4=오답4)
2024-07-04T12:03:24.854+09:00  INFO 11912 --- [chatbot] [Test worker] c.b.chatbot.service.TestServiceTest      : Initialized test: TestResponseElementDto(quizId=3, text=테스트 문제-챕터 1: 초급자 1번째, level=NORMAL, quizType=NUM, q1=오답1, q2=오답2, q3=정답3, q4=오답4)
2024-07-04T12:03:24.866+09:00  INFO 11912 --- [chatbot] [Test worker] c.b.chatbot.service.TestServiceTest      : testSubmitAnswer 테스트 시작
2024-07-04T12:03:24.866+09:00  INFO 11912 --- [chatbot] [Test worker] c.bluecode.chatbot.service.TestService   : submitAnswer with dto: TestAnswerCallDto(userId=2, quizId=1, answer=정답)
2024-07-04T12:03:24.882+09:00  INFO 11912 --- [chatbot] [Test worker] c.bluecode.chatbot.service.TestService   : submitAnswer response: TestAnswerResponseDto(passed=false)
2024-07-04T12:03:24.882+09:00  INFO 11912 --- [chatbot] [Test worker] c.b.chatbot.service.TestServiceTest      : Submit answer response: TestAnswerResponseDto(passed=false)
2024-07-04T12:03:24.894+09:00 DEBUG 11912 --- [chatbot] [SpringApplicationShutdownHook] o.s.w.c.s.GenericWebApplicationContext   : Closing org.springframework.web.context.support.GenericWebApplicationContext@1d12b024, started on Thu Jul 04 12:03:17 KST 2024
2024-07-04T12:03:24.912+09:00  INFO 11912 --- [chatbot] [SpringApplicationShutdownHook] j.LocalContainerEntityManagerFactoryBean : Closing JPA EntityManagerFactory for persistence unit 'default'
2024-07-04T12:03:24.914+09:00  INFO 11912 --- [chatbot] [SpringApplicationShutdownHook] com.zaxxer.hikari.HikariDataSource       : HikariPool-1 - Shutdown initiated...
2024-07-04T12:03:24.920+09:00  INFO 11912 --- [chatbot] [SpringApplicationShutdownHook] com.zaxxer.hikari.HikariDataSource       : HikariPool-1 - Shutdown completed.
